<?xml version="1.0" encoding="UTF-8"?>
<!-- Generated by org.testng.reporters.JUnitXMLReporter -->
<testsuite ignored="0" hostname="Murali" failures="0" tests="2" name="Free CRM Application Test" time="30.519" errors="0" timestamp="26 Jun 2019 11:07:08 GMT">
  <testcase classname="com.crm.qa.testcases.LoginPageTest" name="loginTest" time="5.954"/>
  <testcase classname="com.crm.qa.testcases.ApplicationCenterPageTest" name="SignOutTest" time="1.152"/>
</testsuite> <!-- Free CRM Application Test -->
