<?xml version="1.0" encoding="UTF-8"?>
<testng-results ignored="0" total="1" passed="1" failed="0" skipped="0">
  <reporter-output>
  </reporter-output>
  <suite started-at="2019-06-27T11:27:55Z" name="Default suite" finished-at="2019-06-27T11:29:28Z" duration-ms="92600">
    <groups>
    </groups>
    <test started-at="2019-06-27T11:27:55Z" name="Default test" finished-at="2019-06-27T11:29:28Z" duration-ms="92600">
      <class name="com.crm.qa.testcases.RegistrationPageTest">
        <test-method is-config="true" signature="setup()[pri:0, instance:com.crm.qa.testcases.RegistrationPageTest@942a29c]" started-at="2019-06-27T11:27:55Z" name="setup" finished-at="2019-06-27T11:29:15Z" duration-ms="79898" status="PASS">
          <reporter-output>
          </reporter-output>
        </test-method> <!-- setup -->
        <test-method signature="createNewContact(java.lang.String, java.lang.String, java.lang.String, java.lang.String, java.lang.String)[pri:0, instance:com.crm.qa.testcases.RegistrationPageTest@942a29c]" started-at="2019-06-27T11:29:15Z" name="createNewContact" data-provider="getCRMTestData" finished-at="2019-06-27T11:29:26Z" duration-ms="10913" status="PASS">
          <params>
            <param index="0">
              <value>
                <![CDATA[test]]>
              </value>
            </param>
            <param index="1">
              <value>
                <![CDATA[dcis]]>
              </value>
            </param>
            <param index="2">
              <value>
                <![CDATA[test_anuk_testing2de@dcis.net]]>
              </value>
            </param>
            <param index="3">
              <value>
                <![CDATA[111111]]>
              </value>
            </param>
            <param index="4">
              <value>
                <![CDATA[123456789]]>
              </value>
            </param>
          </params>
          <reporter-output>
          </reporter-output>
        </test-method> <!-- createNewContact -->
        <test-method is-config="true" signature="tearsDown()[pri:0, instance:com.crm.qa.testcases.RegistrationPageTest@942a29c]" started-at="2019-06-27T11:29:26Z" name="tearsDown" finished-at="2019-06-27T11:29:28Z" duration-ms="1756" status="PASS">
          <reporter-output>
          </reporter-output>
        </test-method> <!-- tearsDown -->
      </class> <!-- com.crm.qa.testcases.RegistrationPageTest -->
    </test> <!-- Default test -->
  </suite> <!-- Default suite -->
</testng-results>
